<?xml version="1.0" encoding="UTF-8"?>
<!-- Generated by org.testng.reporters.JUnitXMLReporter -->
<testsuite ignored="0" hostname="Pranav" failures="0" tests="8" name="Test" time="12.837" errors="0" timestamp="2024-11-27T12:45:44 IST">
  <testcase classname="TestCases.validateRevenueCalculator" name="nevigateToHomePage" time="2.044"/>
  <testcase classname="TestCases.validateRevenueCalculator" name="nevigateToRevenueCalculatorPage" time="4.135"/>
  <testcase classname="TestCases.validateRevenueCalculator" name="scrolldownPageTillCalculator" time="2.067"/>
  <testcase classname="TestCases.validateRevenueCalculator" name="adjustslidebar" time="0.467"/>
  <testcase classname="TestCases.validateRevenueCalculator" name="updatetextfield" time="2.235"/>
  <testcase classname="TestCases.validateRevenueCalculator" name="checktheboxes" time="0.848"/>
  <testcase classname="TestCases.validateRevenueCalculator" name="validateText" time="0.048"/>
  <testcase classname="TestCases.validateRevenueCalculator" name="validateTotalRecuurringRembursementValue" time="0.045"/>
</testsuite> <!-- Test -->
